<?xml version="1.0" encoding="UTF-8"?>
<!-- Generated by org.testng.reporters.JUnitXMLReporter -->
<testsuite ignored="5" hostname="Victor" failures="0" tests="1" name="Default test" time="35.414" errors="0" timestamp="2025-08-02T03:48:35 PET">
  <testcase classname="tests.ResgisterTests" name="testRegistroExistoso" time="13.561"/>
  <testcase classname="tests.ResgisterTests" name="testContrasenaDebil" time="0.0">
    <ignored/>
  </testcase> <!-- testContrasenaDebil -->
  <testcase classname="tests.ResgisterTests" name="testCamposObligatoriosFaltantes" time="0.0">
    <ignored/>
  </testcase> <!-- testCamposObligatoriosFaltantes -->
  <testcase classname="tests.ResgisterTests" name="testCorreoElectronicoDuplicado" time="0.0">
    <ignored/>
  </testcase> <!-- testCorreoElectronicoDuplicado -->
  <testcase classname="tests.ResgisterTests" name="testConfirmacionContrasenaIncorrecta" time="0.0">
    <ignored/>
  </testcase> <!-- testConfirmacionContrasenaIncorrecta -->
  <testcase classname="tests.ResgisterTests" name="testFormatoCorreoInvalido" time="0.0">
    <ignored/>
  </testcase> <!-- testFormatoCorreoInvalido -->
</testsuite> <!-- Default test -->
